<?xml version="1.0" encoding="UTF-8"?>
<!-- Generated by org.testng.reporters.JUnitXMLReporter -->
<testsuite ignored="1" hostname="DESKTOP-EQ55Q8H" failures="0" tests="1" name="Default test" time="46.671" errors="0" timestamp="2024-11-15T10:28:45 IST">
  <testcase classname="Demo.StarAgile_Appium.Assignment2" name="backgroundAndForegroundTest" time="8.476"/>
  <testcase classname="Demo.StarAgile_Appium.Assignment2" name="applicationLaunchStatus" time="0.0">
    <ignored/>
  </testcase> <!-- applicationLaunchStatus -->
</testsuite> <!-- Default test -->
