<?xml version="1.0" encoding="UTF-8"?>
<testng-results ignored="0" total="1" passed="1" failed="0" skipped="0">
  <reporter-output>
  </reporter-output>
  <suite started-at="2024-11-10T11:40:55 IST" name="Default suite" finished-at="2024-11-10T11:41:21 IST" duration-ms="25909">
    <groups>
    </groups>
    <test started-at="2024-11-10T11:40:55 IST" name="Default test" finished-at="2024-11-10T11:41:21 IST" duration-ms="25909">
      <class name="Demo.StarAgile_Appium.ClockTest">
        <test-method is-config="true" signature="detUp()[pri:0, instance:Demo.StarAgile_Appium.ClockTest@2af004b]" started-at="2024-11-10T11:40:55 IST" name="detUp" finished-at="2024-11-10T11:41:11 IST" duration-ms="16358" status="PASS">
          <reporter-output>
          </reporter-output>
        </test-method> <!-- detUp -->
        <test-method signature="sampleTest()[pri:0, instance:Demo.StarAgile_Appium.ClockTest@2af004b]" started-at="2024-11-10T11:41:12 IST" name="sampleTest" finished-at="2024-11-10T11:41:21 IST" duration-ms="9421" status="PASS">
          <reporter-output>
          </reporter-output>
        </test-method> <!-- sampleTest -->
      </class> <!-- Demo.StarAgile_Appium.ClockTest -->
    </test> <!-- Default test -->
  </suite> <!-- Default suite -->
</testng-results>
