<?xml version="1.0" encoding="UTF-8"?>
<testng-results ignored="1" total="2" passed="1" failed="0" skipped="0">
  <reporter-output>
  </reporter-output>
  <suite started-at="2024-11-15T10:27:58 IST" name="Default suite" finished-at="2024-11-15T10:28:45 IST" duration-ms="46671">
    <groups>
    </groups>
    <test started-at="2024-11-15T10:27:58 IST" name="Default test" finished-at="2024-11-15T10:28:45 IST" duration-ms="46671">
      <class name="Demo.StarAgile_Appium.Assignment2">
        <test-method is-config="true" signature="setUp()[pri:0, instance:Demo.StarAgile_Appium.Assignment2@d737b89]" started-at="2024-11-15T10:27:58 IST" name="setUp" finished-at="2024-11-15T10:28:34 IST" duration-ms="36049" status="PASS">
          <reporter-output>
          </reporter-output>
        </test-method> <!-- setUp -->
        <test-method signature="backgroundAndForegroundTest()[pri:0, instance:Demo.StarAgile_Appium.Assignment2@d737b89]" started-at="2024-11-15T10:28:35 IST" name="backgroundAndForegroundTest" description="Send app to background and verify its state" finished-at="2024-11-15T10:28:43 IST" duration-ms="8476" status="PASS">
          <reporter-output>
          </reporter-output>
        </test-method> <!-- backgroundAndForegroundTest -->
        <test-method is-config="true" signature="tearDown()[pri:0, instance:Demo.StarAgile_Appium.Assignment2@d737b89]" started-at="2024-11-15T10:28:43 IST" name="tearDown" finished-at="2024-11-15T10:28:45 IST" duration-ms="2006" status="PASS">
          <reporter-output>
          </reporter-output>
        </test-method> <!-- tearDown -->
      </class> <!-- Demo.StarAgile_Appium.Assignment2 -->
    </test> <!-- Default test -->
  </suite> <!-- Default suite -->
</testng-results>
